2024-02-27 09:44:18,111 INFO notifyConnectTimeout:100

2024-02-27 09:44:18,115 INFO notifySocketTimeout:200

2024-02-27 09:44:18,116 INFO isHealthCheck:true

2024-02-27 09:44:18,117 INFO maxHealthCheckFailCount:12

2024-02-27 09:44:18,118 INFO maxContent:10485760

2024-02-27 09:44:38,305 WARN DumpService start

2024-02-27 09:44:38,308 INFO start clear all config-info.

2024-02-27 09:44:38,309 WARN clear all config-info failed.

2024-02-27 09:44:38,310 WARN clear all config-info-tenant failed.

2024-02-27 09:44:42,602 INFO notifyConnectTimeout:100

2024-02-27 09:44:42,605 INFO notifySocketTimeout:200

2024-02-27 09:44:42,616 INFO isHealthCheck:true

2024-02-27 09:44:42,616 INFO maxHealthCheckFailCount:12

2024-02-27 09:44:42,617 INFO maxContent:10485760

2024-02-27 09:45:03,343 WARN DumpService start

2024-02-27 09:45:03,346 INFO start clear all config-info.

2024-02-27 09:45:03,347 WARN clear all config-info failed.

2024-02-27 09:45:03,348 WARN clear all config-info-tenant failed.

2024-02-27 09:45:13,183 INFO notifyConnectTimeout:100

2024-02-27 09:45:13,186 INFO notifySocketTimeout:200

2024-02-27 09:45:13,187 INFO isHealthCheck:true

2024-02-27 09:45:13,187 INFO maxHealthCheckFailCount:12

2024-02-27 09:45:13,188 INFO maxContent:10485760

2024-02-27 09:45:34,005 WARN DumpService start

2024-02-27 09:45:34,007 INFO start clear all config-info.

2024-02-27 09:45:34,009 WARN clear all config-info failed.

2024-02-27 09:45:34,009 WARN clear all config-info-tenant failed.

2024-02-27 09:45:38,486 INFO notifyConnectTimeout:100

2024-02-27 09:45:38,492 INFO notifySocketTimeout:200

2024-02-27 09:45:38,493 INFO isHealthCheck:true

2024-02-27 09:45:38,493 INFO maxHealthCheckFailCount:12

2024-02-27 09:45:38,493 INFO maxContent:10485760

2024-02-27 09:45:59,282 WARN DumpService start

2024-02-27 09:45:59,285 INFO start clear all config-info.

2024-02-27 09:45:59,286 WARN clear all config-info failed.

2024-02-27 09:45:59,287 WARN clear all config-info-tenant failed.

2024-02-27 09:46:02,477 INFO notifyConnectTimeout:100

2024-02-27 09:46:02,480 INFO notifySocketTimeout:200

2024-02-27 09:46:02,480 INFO isHealthCheck:true

2024-02-27 09:46:02,481 INFO maxHealthCheckFailCount:12

2024-02-27 09:46:02,481 INFO maxContent:10485760

2024-02-27 09:46:22,331 WARN DumpService start

2024-02-27 09:46:22,334 INFO start clear all config-info.

2024-02-27 09:46:22,335 WARN clear all config-info failed.

2024-02-27 09:46:22,336 WARN clear all config-info-tenant failed.

2024-02-27 09:46:26,014 INFO notifyConnectTimeout:100

2024-02-27 09:46:26,017 INFO notifySocketTimeout:200

2024-02-27 09:46:26,017 INFO isHealthCheck:true

2024-02-27 09:46:26,018 INFO maxHealthCheckFailCount:12

2024-02-27 09:46:26,018 INFO maxContent:10485760

2024-02-27 09:46:47,304 WARN DumpService start

2024-02-27 09:46:47,307 INFO start clear all config-info.

2024-02-27 09:46:47,308 WARN clear all config-info failed.

2024-02-27 09:46:47,309 WARN clear all config-info-tenant failed.

2024-02-27 09:46:50,888 INFO notifyConnectTimeout:100

2024-02-27 09:46:50,891 INFO notifySocketTimeout:200

2024-02-27 09:46:50,891 INFO isHealthCheck:true

2024-02-27 09:46:50,891 INFO maxHealthCheckFailCount:12

2024-02-27 09:46:50,891 INFO maxContent:10485760

2024-02-27 09:47:11,080 WARN DumpService start

2024-02-27 09:47:11,082 INFO start clear all config-info.

2024-02-27 09:47:11,083 WARN clear all config-info failed.

2024-02-27 09:47:11,084 WARN clear all config-info-tenant failed.

2024-02-27 09:47:14,219 INFO notifyConnectTimeout:100

2024-02-27 09:47:14,222 INFO notifySocketTimeout:200

2024-02-27 09:47:14,222 INFO isHealthCheck:true

2024-02-27 09:47:14,222 INFO maxHealthCheckFailCount:12

2024-02-27 09:47:14,223 INFO maxContent:10485760

2024-02-27 09:47:34,257 WARN DumpService start

2024-02-27 09:47:34,259 INFO start clear all config-info.

2024-02-27 09:47:34,260 WARN clear all config-info failed.

2024-02-27 09:47:34,260 WARN clear all config-info-tenant failed.

2024-02-27 09:47:37,667 INFO notifyConnectTimeout:100

2024-02-27 09:47:37,670 INFO notifySocketTimeout:200

2024-02-27 09:47:37,670 INFO isHealthCheck:true

2024-02-27 09:47:37,670 INFO maxHealthCheckFailCount:12

2024-02-27 09:47:37,671 INFO maxContent:10485760

2024-02-27 09:47:57,787 WARN DumpService start

2024-02-27 09:47:57,790 INFO start clear all config-info.

2024-02-27 09:47:57,791 WARN clear all config-info failed.

2024-02-27 09:47:57,792 WARN clear all config-info-tenant failed.

2024-02-27 09:48:01,113 INFO notifyConnectTimeout:100

2024-02-27 09:48:01,116 INFO notifySocketTimeout:200

2024-02-27 09:48:01,116 INFO isHealthCheck:true

2024-02-27 09:48:01,116 INFO maxHealthCheckFailCount:12

2024-02-27 09:48:01,116 INFO maxContent:10485760

2024-02-27 09:48:21,246 WARN DumpService start

2024-02-27 09:48:21,248 INFO start clear all config-info.

2024-02-27 09:48:21,250 WARN clear all config-info failed.

2024-02-27 09:48:21,251 WARN clear all config-info-tenant failed.

2024-02-27 09:48:24,240 INFO notifyConnectTimeout:100

2024-02-27 09:48:24,243 INFO notifySocketTimeout:200

2024-02-27 09:48:24,244 INFO isHealthCheck:true

2024-02-27 09:48:24,244 INFO maxHealthCheckFailCount:12

2024-02-27 09:48:24,244 INFO maxContent:10485760

2024-02-27 09:48:44,145 WARN DumpService start

2024-02-27 09:48:44,150 INFO start clear all config-info.

2024-02-27 09:48:44,152 WARN clear all config-info failed.

2024-02-27 09:48:44,153 WARN clear all config-info-tenant failed.

2024-02-27 09:48:47,752 INFO notifyConnectTimeout:100

2024-02-27 09:48:47,755 INFO notifySocketTimeout:200

2024-02-27 09:48:47,755 INFO isHealthCheck:true

2024-02-27 09:48:47,756 INFO maxHealthCheckFailCount:12

2024-02-27 09:48:47,756 INFO maxContent:10485760

2024-02-27 09:49:07,683 WARN DumpService start

2024-02-27 09:49:07,685 INFO start clear all config-info.

2024-02-27 09:49:07,686 WARN clear all config-info failed.

2024-02-27 09:49:07,687 WARN clear all config-info-tenant failed.

2024-02-27 09:49:10,821 INFO notifyConnectTimeout:100

2024-02-27 09:49:10,824 INFO notifySocketTimeout:200

2024-02-27 09:49:10,824 INFO isHealthCheck:true

2024-02-27 09:49:10,824 INFO maxHealthCheckFailCount:12

2024-02-27 09:49:10,824 INFO maxContent:10485760

2024-02-27 09:49:30,675 WARN DumpService start

2024-02-27 09:49:30,677 INFO start clear all config-info.

2024-02-27 09:49:30,678 WARN clear all config-info failed.

2024-02-27 09:49:30,679 WARN clear all config-info-tenant failed.

2024-02-27 09:49:33,967 INFO notifyConnectTimeout:100

2024-02-27 09:49:33,969 INFO notifySocketTimeout:200

2024-02-27 09:49:33,970 INFO isHealthCheck:true

2024-02-27 09:49:33,970 INFO maxHealthCheckFailCount:12

2024-02-27 09:49:33,970 INFO maxContent:10485760

2024-02-27 09:49:53,957 WARN DumpService start

2024-02-27 09:49:53,960 INFO start clear all config-info.

2024-02-27 09:49:53,961 WARN clear all config-info failed.

2024-02-27 09:49:53,962 WARN clear all config-info-tenant failed.

2024-02-27 09:49:57,425 INFO notifyConnectTimeout:100

2024-02-27 09:49:57,428 INFO notifySocketTimeout:200

2024-02-27 09:49:57,429 INFO isHealthCheck:true

2024-02-27 09:49:57,429 INFO maxHealthCheckFailCount:12

2024-02-27 09:49:57,429 INFO maxContent:10485760

2024-02-27 10:19:38,069 INFO notifyConnectTimeout:100

2024-02-27 10:19:38,071 INFO notifySocketTimeout:200

2024-02-27 10:19:38,071 INFO isHealthCheck:true

2024-02-27 10:19:38,071 INFO maxHealthCheckFailCount:12

2024-02-27 10:19:38,072 INFO maxContent:10485760

2024-02-27 10:19:57,417 WARN DumpService start

2024-02-27 10:19:57,420 INFO start clear all config-info.

2024-02-27 10:19:57,421 WARN clear all config-info failed.

2024-02-27 10:19:57,422 WARN clear all config-info-tenant failed.

2024-02-27 10:20:00,253 INFO notifyConnectTimeout:100

2024-02-27 10:20:00,256 INFO notifySocketTimeout:200

2024-02-27 10:20:00,256 INFO isHealthCheck:true

2024-02-27 10:20:00,256 INFO maxHealthCheckFailCount:12

2024-02-27 10:20:00,257 INFO maxContent:10485760

2024-02-27 10:20:19,839 WARN DumpService start

2024-02-27 10:20:19,841 INFO start clear all config-info.

2024-02-27 10:20:19,843 WARN clear all config-info failed.

2024-02-27 10:20:19,844 WARN clear all config-info-tenant failed.

2024-02-27 10:20:22,644 INFO notifyConnectTimeout:100

2024-02-27 10:20:22,646 INFO notifySocketTimeout:200

2024-02-27 10:20:22,647 INFO isHealthCheck:true

2024-02-27 10:20:22,647 INFO maxHealthCheckFailCount:12

2024-02-27 10:20:22,647 INFO maxContent:10485760

2024-02-27 10:20:42,092 WARN DumpService start

2024-02-27 10:20:42,096 INFO start clear all config-info.

2024-02-27 10:20:42,097 WARN clear all config-info failed.

2024-02-27 10:20:42,098 WARN clear all config-info-tenant failed.

2024-02-27 10:20:45,163 INFO notifyConnectTimeout:100

2024-02-27 10:20:45,166 INFO notifySocketTimeout:200

2024-02-27 10:20:45,166 INFO isHealthCheck:true

2024-02-27 10:20:45,167 INFO maxHealthCheckFailCount:12

2024-02-27 10:20:45,167 INFO maxContent:10485760

2024-02-27 10:21:04,753 WARN DumpService start

2024-02-27 10:21:04,756 INFO start clear all config-info.

2024-02-27 10:21:04,757 WARN clear all config-info failed.

2024-02-27 10:21:04,758 WARN clear all config-info-tenant failed.

2024-02-27 10:21:07,546 INFO notifyConnectTimeout:100

2024-02-27 10:21:07,548 INFO notifySocketTimeout:200

2024-02-27 10:21:07,549 INFO isHealthCheck:true

2024-02-27 10:21:07,549 INFO maxHealthCheckFailCount:12

2024-02-27 10:21:07,549 INFO maxContent:10485760

2024-02-27 10:21:27,130 WARN DumpService start

2024-02-27 10:21:27,133 INFO start clear all config-info.

2024-02-27 10:21:27,134 WARN clear all config-info failed.

2024-02-27 10:21:27,136 WARN clear all config-info-tenant failed.

2024-02-27 10:21:29,905 INFO notifyConnectTimeout:100

2024-02-27 10:21:29,907 INFO notifySocketTimeout:200

2024-02-27 10:21:29,908 INFO isHealthCheck:true

2024-02-27 10:21:29,908 INFO maxHealthCheckFailCount:12

2024-02-27 10:21:29,908 INFO maxContent:10485760

2024-02-27 10:21:49,274 WARN DumpService start

2024-02-27 10:21:49,278 INFO start clear all config-info.

2024-02-27 10:21:49,280 WARN clear all config-info failed.

2024-02-27 10:21:49,280 WARN clear all config-info-tenant failed.

2024-02-27 10:21:52,048 INFO notifyConnectTimeout:100

2024-02-27 10:21:52,050 INFO notifySocketTimeout:200

2024-02-27 10:21:52,050 INFO isHealthCheck:true

2024-02-27 10:21:52,051 INFO maxHealthCheckFailCount:12

2024-02-27 10:21:52,051 INFO maxContent:10485760

2024-02-27 10:22:11,395 WARN DumpService start

2024-02-27 10:22:11,399 INFO start clear all config-info.

2024-02-27 10:22:11,400 WARN clear all config-info failed.

2024-02-27 10:22:11,401 WARN clear all config-info-tenant failed.

2024-02-27 10:22:14,391 INFO notifyConnectTimeout:100

2024-02-27 10:22:14,393 INFO notifySocketTimeout:200

2024-02-27 10:22:14,393 INFO isHealthCheck:true

2024-02-27 10:22:14,394 INFO maxHealthCheckFailCount:12

2024-02-27 10:22:14,394 INFO maxContent:10485760

2024-02-27 10:22:33,918 WARN DumpService start

2024-02-27 10:22:33,921 INFO start clear all config-info.

2024-02-27 10:22:33,922 WARN clear all config-info failed.

2024-02-27 10:22:33,922 WARN clear all config-info-tenant failed.

2024-02-27 10:22:37,072 INFO notifyConnectTimeout:100

2024-02-27 10:22:37,075 INFO notifySocketTimeout:200

2024-02-27 10:22:37,075 INFO isHealthCheck:true

2024-02-27 10:22:37,075 INFO maxHealthCheckFailCount:12

2024-02-27 10:22:37,076 INFO maxContent:10485760

2024-02-27 10:22:56,584 WARN DumpService start

2024-02-27 10:22:56,587 INFO start clear all config-info.

2024-02-27 10:22:56,588 WARN clear all config-info failed.

2024-02-27 10:22:56,589 WARN clear all config-info-tenant failed.

2024-02-27 10:22:59,427 INFO notifyConnectTimeout:100

2024-02-27 10:22:59,429 INFO notifySocketTimeout:200

2024-02-27 10:22:59,429 INFO isHealthCheck:true

2024-02-27 10:22:59,429 INFO maxHealthCheckFailCount:12

2024-02-27 10:22:59,430 INFO maxContent:10485760

2024-02-27 10:23:18,896 WARN DumpService start

2024-02-27 10:23:18,899 INFO start clear all config-info.

2024-02-27 10:23:18,900 WARN clear all config-info failed.

2024-02-27 10:23:18,901 WARN clear all config-info-tenant failed.

2024-02-27 10:23:21,620 INFO notifyConnectTimeout:100

2024-02-27 10:23:21,623 INFO notifySocketTimeout:200

2024-02-27 10:23:21,623 INFO isHealthCheck:true

2024-02-27 10:23:21,623 INFO maxHealthCheckFailCount:12

2024-02-27 10:23:21,623 INFO maxContent:10485760

2024-02-27 10:23:41,197 WARN DumpService start

2024-02-27 10:23:41,200 INFO start clear all config-info.

2024-02-27 10:23:41,201 WARN clear all config-info failed.

2024-02-27 10:23:41,202 WARN clear all config-info-tenant failed.

2024-02-27 10:23:44,050 INFO notifyConnectTimeout:100

2024-02-27 10:23:44,052 INFO notifySocketTimeout:200

2024-02-27 10:23:44,053 INFO isHealthCheck:true

2024-02-27 10:23:44,053 INFO maxHealthCheckFailCount:12

2024-02-27 10:23:44,053 INFO maxContent:10485760

2024-02-27 10:24:03,655 WARN DumpService start

2024-02-27 10:24:03,657 INFO start clear all config-info.

2024-02-27 10:24:03,658 WARN clear all config-info failed.

2024-02-27 10:24:03,659 WARN clear all config-info-tenant failed.

2024-02-27 10:24:49,774 INFO notifyConnectTimeout:100

2024-02-27 10:24:49,776 INFO notifySocketTimeout:200

2024-02-27 10:24:49,777 INFO isHealthCheck:true

2024-02-27 10:24:49,777 INFO maxHealthCheckFailCount:12

2024-02-27 10:24:49,777 INFO maxContent:10485760

2024-02-27 10:25:03,400 WARN DumpService start

2024-02-27 10:25:03,404 INFO start clear all config-info.

2024-02-27 10:25:03,405 WARN clear all config-info failed.

2024-02-27 10:25:03,406 WARN clear all config-info-tenant failed.

2024-02-27 10:25:06,225 INFO notifyConnectTimeout:100

2024-02-27 10:25:06,227 INFO notifySocketTimeout:200

2024-02-27 10:25:06,228 INFO isHealthCheck:true

2024-02-27 10:25:06,228 INFO maxHealthCheckFailCount:12

2024-02-27 10:25:06,228 INFO maxContent:10485760

2024-02-27 10:25:19,814 WARN DumpService start

2024-02-27 10:25:19,817 INFO start clear all config-info.

2024-02-27 10:25:19,818 WARN clear all config-info failed.

2024-02-27 10:25:19,819 WARN clear all config-info-tenant failed.

2024-02-27 10:25:22,547 INFO notifyConnectTimeout:100

2024-02-27 10:25:22,550 INFO notifySocketTimeout:200

2024-02-27 10:25:22,551 INFO isHealthCheck:true

2024-02-27 10:25:22,551 INFO maxHealthCheckFailCount:12

2024-02-27 10:25:22,551 INFO maxContent:10485760

2024-02-27 10:25:36,002 WARN DumpService start

2024-02-27 10:25:36,004 INFO start clear all config-info.

2024-02-27 10:25:36,005 WARN clear all config-info failed.

2024-02-27 10:25:36,006 WARN clear all config-info-tenant failed.

2024-02-27 10:25:38,794 INFO notifyConnectTimeout:100

2024-02-27 10:25:38,797 INFO notifySocketTimeout:200

2024-02-27 10:25:38,797 INFO isHealthCheck:true

2024-02-27 10:25:38,797 INFO maxHealthCheckFailCount:12

2024-02-27 10:25:38,797 INFO maxContent:10485760

2024-02-27 10:25:52,378 WARN DumpService start

2024-02-27 10:25:52,381 INFO start clear all config-info.

2024-02-27 10:25:52,382 WARN clear all config-info failed.

2024-02-27 10:25:52,383 WARN clear all config-info-tenant failed.

2024-02-27 10:25:55,202 INFO notifyConnectTimeout:100

2024-02-27 10:25:55,204 INFO notifySocketTimeout:200

2024-02-27 10:25:55,204 INFO isHealthCheck:true

2024-02-27 10:25:55,205 INFO maxHealthCheckFailCount:12

2024-02-27 10:25:55,205 INFO maxContent:10485760

2024-02-27 10:26:08,679 WARN DumpService start

2024-02-27 10:26:08,682 INFO start clear all config-info.

2024-02-27 10:26:08,683 WARN clear all config-info failed.

2024-02-27 10:26:08,684 WARN clear all config-info-tenant failed.

2024-02-27 10:26:11,422 INFO notifyConnectTimeout:100

2024-02-27 10:26:11,425 INFO notifySocketTimeout:200

2024-02-27 10:26:11,426 INFO isHealthCheck:true

2024-02-27 10:26:11,427 INFO maxHealthCheckFailCount:12

2024-02-27 10:26:11,427 INFO maxContent:10485760

2024-02-27 10:26:24,746 WARN DumpService start

2024-02-27 10:26:24,749 INFO start clear all config-info.

2024-02-27 10:26:24,751 WARN clear all config-info failed.

2024-02-27 10:26:24,752 WARN clear all config-info-tenant failed.

2024-02-27 10:26:27,541 INFO notifyConnectTimeout:100

2024-02-27 10:26:27,543 INFO notifySocketTimeout:200

2024-02-27 10:26:27,543 INFO isHealthCheck:true

2024-02-27 10:26:27,544 INFO maxHealthCheckFailCount:12

2024-02-27 10:26:27,544 INFO maxContent:10485760

2024-02-27 10:26:41,181 WARN DumpService start

2024-02-27 10:26:41,184 INFO start clear all config-info.

2024-02-27 10:26:41,185 WARN clear all config-info failed.

2024-02-27 10:26:41,186 WARN clear all config-info-tenant failed.

2024-02-27 10:26:44,107 INFO notifyConnectTimeout:100

2024-02-27 10:26:44,110 INFO notifySocketTimeout:200

2024-02-27 10:26:44,110 INFO isHealthCheck:true

2024-02-27 10:26:44,110 INFO maxHealthCheckFailCount:12

2024-02-27 10:26:44,111 INFO maxContent:10485760

2024-02-27 10:26:57,548 WARN DumpService start

2024-02-27 10:26:57,551 INFO start clear all config-info.

2024-02-27 10:26:57,552 WARN clear all config-info failed.

2024-02-27 10:26:57,553 WARN clear all config-info-tenant failed.

2024-02-27 10:27:00,606 INFO notifyConnectTimeout:100

2024-02-27 10:27:00,609 INFO notifySocketTimeout:200

2024-02-27 10:27:00,609 INFO isHealthCheck:true

2024-02-27 10:27:00,609 INFO maxHealthCheckFailCount:12

2024-02-27 10:27:00,610 INFO maxContent:10485760

2024-02-27 10:27:14,105 WARN DumpService start

2024-02-27 10:27:14,107 INFO start clear all config-info.

2024-02-27 10:27:14,108 WARN clear all config-info failed.

2024-02-27 10:27:14,109 WARN clear all config-info-tenant failed.

2024-02-27 10:27:17,214 INFO notifyConnectTimeout:100

2024-02-27 10:27:17,217 INFO notifySocketTimeout:200

2024-02-27 10:27:17,217 INFO isHealthCheck:true

2024-02-27 10:27:17,217 INFO maxHealthCheckFailCount:12

2024-02-27 10:27:17,217 INFO maxContent:10485760

2024-02-27 10:27:30,843 WARN DumpService start

2024-02-27 10:27:30,845 INFO start clear all config-info.

2024-02-27 10:27:30,846 WARN clear all config-info failed.

2024-02-27 10:27:30,847 WARN clear all config-info-tenant failed.

2024-02-27 10:27:34,214 INFO notifyConnectTimeout:100

2024-02-27 10:27:34,217 INFO notifySocketTimeout:200

2024-02-27 10:27:34,217 INFO isHealthCheck:true

2024-02-27 10:27:34,218 INFO maxHealthCheckFailCount:12

2024-02-27 10:27:34,218 INFO maxContent:10485760

2024-02-27 10:27:48,032 WARN DumpService start

2024-02-27 10:27:48,035 INFO start clear all config-info.

2024-02-27 10:27:48,038 WARN clear all config-info failed.

2024-02-27 10:27:48,039 WARN clear all config-info-tenant failed.

2024-02-27 10:27:51,005 INFO notifyConnectTimeout:100

2024-02-27 10:27:51,008 INFO notifySocketTimeout:200

2024-02-27 10:27:51,008 INFO isHealthCheck:true

2024-02-27 10:27:51,008 INFO maxHealthCheckFailCount:12

2024-02-27 10:27:51,009 INFO maxContent:10485760

2024-02-27 10:28:04,626 WARN DumpService start

2024-02-27 10:28:04,630 INFO start clear all config-info.

2024-02-27 10:28:04,631 WARN clear all config-info failed.

2024-02-27 10:28:04,632 WARN clear all config-info-tenant failed.

2024-02-27 10:28:07,457 INFO notifyConnectTimeout:100

2024-02-27 10:28:07,460 INFO notifySocketTimeout:200

2024-02-27 10:28:07,460 INFO isHealthCheck:true

2024-02-27 10:28:07,460 INFO maxHealthCheckFailCount:12

2024-02-27 10:28:07,461 INFO maxContent:10485760

2024-02-27 10:28:21,098 WARN DumpService start

2024-02-27 10:28:21,101 INFO start clear all config-info.

2024-02-27 10:28:21,102 WARN clear all config-info failed.

2024-02-27 10:28:21,103 WARN clear all config-info-tenant failed.

2024-02-27 10:28:23,979 INFO notifyConnectTimeout:100

2024-02-27 10:28:23,981 INFO notifySocketTimeout:200

2024-02-27 10:28:23,981 INFO isHealthCheck:true

2024-02-27 10:28:23,982 INFO maxHealthCheckFailCount:12

2024-02-27 10:28:23,982 INFO maxContent:10485760

2024-02-27 10:28:37,580 WARN DumpService start

2024-02-27 10:28:37,583 INFO start clear all config-info.

2024-02-27 10:28:37,584 WARN clear all config-info failed.

2024-02-27 10:28:37,585 WARN clear all config-info-tenant failed.

2024-02-27 10:28:40,461 INFO notifyConnectTimeout:100

2024-02-27 10:28:40,463 INFO notifySocketTimeout:200

2024-02-27 10:28:40,464 INFO isHealthCheck:true

2024-02-27 10:28:40,464 INFO maxHealthCheckFailCount:12

2024-02-27 10:28:40,464 INFO maxContent:10485760

2024-02-27 10:28:53,965 WARN DumpService start

2024-02-27 10:28:53,968 INFO start clear all config-info.

2024-02-27 10:28:53,969 WARN clear all config-info failed.

2024-02-27 10:28:53,970 WARN clear all config-info-tenant failed.

2024-02-27 10:28:56,925 INFO notifyConnectTimeout:100

2024-02-27 10:28:56,928 INFO notifySocketTimeout:200

2024-02-27 10:28:56,928 INFO isHealthCheck:true

2024-02-27 10:28:56,928 INFO maxHealthCheckFailCount:12

2024-02-27 10:28:56,929 INFO maxContent:10485760

2024-02-27 10:29:10,472 WARN DumpService start

2024-02-27 10:29:10,475 INFO start clear all config-info.

2024-02-27 10:29:10,477 WARN clear all config-info failed.

2024-02-27 10:29:10,478 WARN clear all config-info-tenant failed.

2024-02-27 10:29:13,294 INFO notifyConnectTimeout:100

2024-02-27 10:29:13,297 INFO notifySocketTimeout:200

2024-02-27 10:29:13,297 INFO isHealthCheck:true

2024-02-27 10:29:13,297 INFO maxHealthCheckFailCount:12

2024-02-27 10:29:13,297 INFO maxContent:10485760

2024-02-27 10:29:26,805 WARN DumpService start

2024-02-27 10:29:26,809 INFO start clear all config-info.

2024-02-27 10:29:26,810 WARN clear all config-info failed.

2024-02-27 10:29:26,811 WARN clear all config-info-tenant failed.

2024-02-27 10:29:29,556 INFO notifyConnectTimeout:100

2024-02-27 10:29:29,558 INFO notifySocketTimeout:200

2024-02-27 10:29:29,558 INFO isHealthCheck:true

2024-02-27 10:29:29,559 INFO maxHealthCheckFailCount:12

2024-02-27 10:29:29,559 INFO maxContent:10485760

2024-02-27 10:29:42,953 WARN DumpService start

2024-02-27 10:29:42,955 INFO start clear all config-info.

2024-02-27 10:29:42,956 WARN clear all config-info failed.

2024-02-27 10:29:42,957 WARN clear all config-info-tenant failed.

2024-02-27 10:29:46,008 INFO notifyConnectTimeout:100

2024-02-27 10:29:46,011 INFO notifySocketTimeout:200

2024-02-27 10:29:46,012 INFO isHealthCheck:true

2024-02-27 10:29:46,012 INFO maxHealthCheckFailCount:12

2024-02-27 10:29:46,013 INFO maxContent:10485760

2024-02-27 10:29:59,700 WARN DumpService start

2024-02-27 10:29:59,703 INFO start clear all config-info.

2024-02-27 10:29:59,705 WARN clear all config-info failed.

2024-02-27 10:29:59,706 WARN clear all config-info-tenant failed.

2024-02-27 10:30:02,795 INFO notifyConnectTimeout:100

2024-02-27 10:30:02,797 INFO notifySocketTimeout:200

2024-02-27 10:30:02,798 INFO isHealthCheck:true

2024-02-27 10:30:02,798 INFO maxHealthCheckFailCount:12

2024-02-27 10:30:02,798 INFO maxContent:10485760

2024-02-27 10:30:16,376 WARN DumpService start

2024-02-27 10:30:16,378 INFO start clear all config-info.

2024-02-27 10:30:16,380 WARN clear all config-info failed.

2024-02-27 10:30:16,381 WARN clear all config-info-tenant failed.

2024-02-27 10:30:19,392 INFO notifyConnectTimeout:100

2024-02-27 10:30:19,394 INFO notifySocketTimeout:200

2024-02-27 10:30:19,395 INFO isHealthCheck:true

2024-02-27 10:30:19,395 INFO maxHealthCheckFailCount:12

2024-02-27 10:30:19,395 INFO maxContent:10485760

2024-02-27 10:30:57,494 INFO notifyConnectTimeout:100

2024-02-27 10:30:57,497 INFO notifySocketTimeout:200

2024-02-27 10:30:57,497 INFO isHealthCheck:true

2024-02-27 10:30:57,497 INFO maxHealthCheckFailCount:12

2024-02-27 10:30:57,497 INFO maxContent:10485760

2024-02-27 10:31:02,182 WARN DumpService start

2024-02-27 10:31:02,184 INFO start clear all config-info.

2024-02-27 10:31:02,185 WARN clear all config-info failed.

2024-02-27 10:31:02,186 WARN clear all config-info-tenant failed.

2024-02-27 10:31:02,196 INFO start clear all config-info-beta.

2024-02-27 10:31:02,197 WARN clear all config-info-beta failed.

2024-02-27 10:31:02,197 WARN clear all config-info-beta-tenant failed.

2024-02-27 10:31:02,200 INFO start clear all config-info-tag.

2024-02-27 10:31:02,200 WARN clear all config-info-tag failed.

2024-02-27 10:31:02,200 WARN clear all config-info-tag-tenant failed.

