2024-02-27 09:44:21,531 INFO [ClientConnectionEventListenerRegistry] registry listener - ConnectionBasedClientManager

2024-02-27 09:44:46,521 INFO [ClientConnectionEventListenerRegistry] registry listener - ConnectionBasedClientManager

2024-02-27 09:45:17,325 INFO [ClientConnectionEventListenerRegistry] registry listener - ConnectionBasedClientManager

2024-02-27 09:45:42,645 INFO [ClientConnectionEventListenerRegistry] registry listener - ConnectionBasedClientManager

2024-02-27 09:46:05,670 INFO [ClientConnectionEventListenerRegistry] registry listener - ConnectionBasedClientManager

2024-02-27 09:46:30,494 INFO [ClientConnectionEventListenerRegistry] registry listener - ConnectionBasedClientManager

2024-02-27 09:46:54,391 INFO [ClientConnectionEventListenerRegistry] registry listener - ConnectionBasedClientManager

2024-02-27 09:47:17,649 INFO [ClientConnectionEventListenerRegistry] registry listener - ConnectionBasedClientManager

2024-02-27 09:47:41,094 INFO [ClientConnectionEventListenerRegistry] registry listener - ConnectionBasedClientManager

2024-02-27 09:48:04,449 INFO [ClientConnectionEventListenerRegistry] registry listener - ConnectionBasedClientManager

2024-02-27 09:48:27,463 INFO [ClientConnectionEventListenerRegistry] registry listener - ConnectionBasedClientManager

2024-02-27 09:48:51,027 INFO [ClientConnectionEventListenerRegistry] registry listener - ConnectionBasedClientManager

2024-02-27 09:49:14,025 INFO [ClientConnectionEventListenerRegistry] registry listener - ConnectionBasedClientManager

2024-02-27 09:49:37,266 INFO [ClientConnectionEventListenerRegistry] registry listener - ConnectionBasedClientManager

2024-02-27 09:50:01,104 INFO [ClientConnectionEventListenerRegistry] registry listener - ConnectionBasedClientManager

2024-02-27 10:19:40,833 INFO [ClientConnectionEventListenerRegistry] registry listener - ConnectionBasedClientManager

2024-02-27 10:20:03,238 INFO [ClientConnectionEventListenerRegistry] registry listener - ConnectionBasedClientManager

2024-02-27 10:20:25,494 INFO [ClientConnectionEventListenerRegistry] registry listener - ConnectionBasedClientManager

2024-02-27 10:20:48,117 INFO [ClientConnectionEventListenerRegistry] registry listener - ConnectionBasedClientManager

2024-02-27 10:21:10,524 INFO [ClientConnectionEventListenerRegistry] registry listener - ConnectionBasedClientManager

2024-02-27 10:21:32,716 INFO [ClientConnectionEventListenerRegistry] registry listener - ConnectionBasedClientManager

2024-02-27 10:21:54,814 INFO [ClientConnectionEventListenerRegistry] registry listener - ConnectionBasedClientManager

2024-02-27 10:22:17,302 INFO [ClientConnectionEventListenerRegistry] registry listener - ConnectionBasedClientManager

2024-02-27 10:22:40,018 INFO [ClientConnectionEventListenerRegistry] registry listener - ConnectionBasedClientManager

2024-02-27 10:23:02,300 INFO [ClientConnectionEventListenerRegistry] registry listener - ConnectionBasedClientManager

2024-02-27 10:23:24,583 INFO [ClientConnectionEventListenerRegistry] registry listener - ConnectionBasedClientManager

2024-02-27 10:23:47,007 INFO [ClientConnectionEventListenerRegistry] registry listener - ConnectionBasedClientManager

2024-02-27 10:24:52,834 INFO [ClientConnectionEventListenerRegistry] registry listener - ConnectionBasedClientManager

2024-02-27 10:25:09,217 INFO [ClientConnectionEventListenerRegistry] registry listener - ConnectionBasedClientManager

2024-02-27 10:25:25,394 INFO [ClientConnectionEventListenerRegistry] registry listener - ConnectionBasedClientManager

2024-02-27 10:25:41,699 INFO [ClientConnectionEventListenerRegistry] registry listener - ConnectionBasedClientManager

2024-02-27 10:25:58,090 INFO [ClientConnectionEventListenerRegistry] registry listener - ConnectionBasedClientManager

2024-02-27 10:26:14,164 INFO [ClientConnectionEventListenerRegistry] registry listener - ConnectionBasedClientManager

2024-02-27 10:26:30,529 INFO [ClientConnectionEventListenerRegistry] registry listener - ConnectionBasedClientManager

2024-02-27 10:26:46,951 INFO [ClientConnectionEventListenerRegistry] registry listener - ConnectionBasedClientManager

2024-02-27 10:27:03,494 INFO [ClientConnectionEventListenerRegistry] registry listener - ConnectionBasedClientManager

2024-02-27 10:27:20,253 INFO [ClientConnectionEventListenerRegistry] registry listener - ConnectionBasedClientManager

2024-02-27 10:27:37,423 INFO [ClientConnectionEventListenerRegistry] registry listener - ConnectionBasedClientManager

2024-02-27 10:27:54,026 INFO [ClientConnectionEventListenerRegistry] registry listener - ConnectionBasedClientManager

2024-02-27 10:28:10,441 INFO [ClientConnectionEventListenerRegistry] registry listener - ConnectionBasedClientManager

2024-02-27 10:28:26,979 INFO [ClientConnectionEventListenerRegistry] registry listener - ConnectionBasedClientManager

2024-02-27 10:28:43,403 INFO [ClientConnectionEventListenerRegistry] registry listener - ConnectionBasedClientManager

2024-02-27 10:28:59,838 INFO [ClientConnectionEventListenerRegistry] registry listener - ConnectionBasedClientManager

2024-02-27 10:29:16,109 INFO [ClientConnectionEventListenerRegistry] registry listener - ConnectionBasedClientManager

2024-02-27 10:29:32,387 INFO [ClientConnectionEventListenerRegistry] registry listener - ConnectionBasedClientManager

2024-02-27 10:29:49,102 INFO [ClientConnectionEventListenerRegistry] registry listener - ConnectionBasedClientManager

2024-02-27 10:30:05,666 INFO [ClientConnectionEventListenerRegistry] registry listener - ConnectionBasedClientManager

2024-02-27 10:31:00,490 INFO [ClientConnectionEventListenerRegistry] registry listener - ConnectionBasedClientManager

2024-02-27 10:31:02,374 INFO [ClientConnectionEventListenerRegistry] registry listener - ConfigConnectionEventListener

2024-02-27 10:31:02,419 INFO [ClientConnectionEventListenerRegistry] registry listener - RpcAckCallbackInitorOrCleaner

2024-02-27 10:31:02,510 INFO Nacos GrpcSdkServer Rpc server starting at port 9848

2024-02-27 10:31:02,757 INFO Nacos GrpcSdkServer Rpc server started at port 9848

2024-02-27 10:31:02,759 INFO Nacos GrpcClusterServer Rpc server starting at port 9849

2024-02-27 10:31:02,761 INFO Nacos GrpcClusterServer Rpc server started at port 9849

2024-02-27 15:34:59,273 INFO Nacos GrpcClusterServer Rpc server stopping

2024-02-27 15:34:59,273 INFO Nacos GrpcSdkServer Rpc server stopping

2024-02-27 15:34:59,280 INFO Nacos GrpcClusterServer Rpc server stopped successfully...

2024-02-27 15:34:59,280 INFO Nacos GrpcSdkServer Rpc server stopped successfully...

